Arguments: 
  /usr/local/bin/node /usr/local/bin/yarn

PATH: 
  /Users/survivor/bin:/opt/local/bin:/opt/local/sbin:/usr/local/bin:/usr/bin:/bin:/usr/sbin:/sbin:/opt/X11/bin:/Library/Frameworks/Mono.framework/Versions/Current/Commands:/Library/TeX/texbin

Yarn version: 
  0.27.5

Node version: 
  6.10.2

Platform: 
  darwin x64

npm manifest: 
  {
    "name": "electron-auto-update",
    "version": "1.0.0",
    "description": "A demo to test auto update.",
    "main": "main.js",
    "scripts": {
      "start": "electron ."
    },
    "repository": "https://github.com/electron/electron-quick-start",
    "keywords": [
      "Electron",
      "demo"
    ],
    "author": "GitHub",
    "license": "CC0-1.0"
  }

yarn manifest: 
  No manifest

Lockfile: 
  No lockfile

Trace: 
  Error: EACCES: permission denied, rmdir '/Users/survivor/Documents/Programming/JavaScript/native-apps/electron-auto-update/node_modules/.bin'
      at Error (native)
